LOAD: chunksNum[211]took[41.64116382598877]data[4209336]
LOAD: chunksNum[53]took[8.256825685501099]data[1052334]
Beggining: K[300]lambda[0.04]delta[0.04]PQInitialInterval[+-0.1]BInitialInterval[+-0.1]mu[3.7276972793859176]P len[1176856]Q len [174283]
lastRMSE [9223372036854775806]currentRMSE[1.2868639669363506]iterations[1]SecIter[214.70946884155273]SecBegin[214.70946884155273]
lastRMSE [1.2868639669363506]currentRMSE[1.271277291742616]iterations[2]SecIter[214.40843868255615]SecBegin[429.1179075241089]
lastRMSE [1.271277291742616]currentRMSE[1.2669314569317174]iterations[3]SecIter[213.07730555534363]SecBegin[642.1952130794525]
lastRMSE [1.2669314569317174]currentRMSE[1.2664518537340324]iterations[4]SecIter[213.28232622146606]SecBegin[855.4775393009186]
lastRMSE [1.2664518537340324]currentRMSE[1.2668943855422365]iterations[5]SecIter[213.77537536621094]SecBegin[1069.2529146671295]
********************************************************
SVD RMSE on Test[1.219364191587577]RMSE on Train[1.2664518537340324]learningTime[1069.2529146671295]PredictTime[22.929292917251587]K[300]lambda[0.04]delta[0.04]mu[3.7276972793859176]PQInitialInterval[+-0.1]BInitialInterval[+-0.1]users[1176856]trainAndValidaiton Size[4209336]train Size[3829064]validation Size[380272]test Orig Size[1052334]Test Size[879227]missingUsers[159923]missingProducts[63925]learn iterations[5]
********************************************************
Beggining: K[300]lambda[0.04]delta[0.05]PQInitialInterval[+-0.1]BInitialInterval[+-0.1]mu[3.7276972793859176]P len[1176856]Q len [174283]
lastRMSE [9223372036854775806]currentRMSE[1.282675011600193]iterations[1]SecIter[216.5686547756195]SecBegin[216.56965470314026]
lastRMSE [1.282675011600193]currentRMSE[1.2701090365439742]iterations[2]SecIter[215.23652148246765]SecBegin[431.8061761856079]
lastRMSE [1.2701090365439742]currentRMSE[1.2678997163780723]iterations[3]SecIter[214.4394416809082]SecBegin[646.2456178665161]
lastRMSE [1.2678997163780723]currentRMSE[1.2681828650517246]iterations[4]SecIter[214.14455604553223]SecBegin[860.3901739120483]
********************************************************
SVD RMSE on Test[1.2203478876021008]RMSE on Train[1.2678997163780723]learningTime[860.3901739120483]PredictTime[23.11306405067444]K[300]lambda[0.04]delta[0.05]mu[3.7276972793859176]PQInitialInterval[+-0.1]BInitialInterval[+-0.1]users[1176856]trainAndValidaiton Size[4209336]train Size[3829064]validation Size[380272]test Orig Size[1052334]Test Size[879227]missingUsers[159923]missingProducts[63925]learn iterations[4]
********************************************************
Beggining: K[300]lambda[0.04]delta[0.06]PQInitialInterval[+-0.1]BInitialInterval[+-0.1]mu[3.7276972793859176]P len[1176856]Q len [174283]
lastRMSE [9223372036854775806]currentRMSE[1.2804947069618202]iterations[1]SecIter[213.39334750175476]SecBegin[213.39334750175476]
lastRMSE [1.2804947069618202]currentRMSE[1.2705963275693064]iterations[2]SecIter[211.6518325805664]SecBegin[425.04518008232117]
lastRMSE [1.2705963275693064]currentRMSE[1.2697375933921446]iterations[3]SecIter[211.44085884094238]SecBegin[636.4860389232635]
lastRMSE [1.2697375933921446]currentRMSE[1.2697024517107542]iterations[4]SecIter[212.24799990653992]SecBegin[848.7340388298035]
lastRMSE [1.2697024517107542]currentRMSE[1.2693880160906528]iterations[5]SecIter[212.32200026512146]SecBegin[1061.056039094925]
lastRMSE [1.2693880160906528]currentRMSE[1.2690513065311506]iterations[6]SecIter[211.88199973106384]SecBegin[1272.9380388259888]
lastRMSE [1.2690513065311506]currentRMSE[1.2688024474284245]iterations[7]SecIter[212.07100009918213]SecBegin[1485.009038925171]
lastRMSE [1.2688024474284245]currentRMSE[1.2686554552818716]iterations[8]SecIter[212.98600006103516]SecBegin[1697.995038986206]
lastRMSE [1.2686554552818716]currentRMSE[1.2685962587635495]iterations[9]SecIter[213.21000003814697]SecBegin[1911.205039024353]
lastRMSE [1.2685962587635495]currentRMSE[1.2686069936123687]iterations[10]SecIter[212.2149999141693]SecBegin[2123.4200389385223]
********************************************************
SVD RMSE on Test[1.2208271058458284]RMSE on Train[1.2685962587635495]learningTime[2123.4200389385223]PredictTime[23.217000007629395]K[300]lambda[0.04]delta[0.06]mu[3.7276972793859176]PQInitialInterval[+-0.1]BInitialInterval[+-0.1]users[1176856]trainAndValidaiton Size[4209336]train Size[3829064]validation Size[380272]test Orig Size[1052334]Test Size[879227]missingUsers[159923]missingProducts[63925]learn iterations[10]
********************************************************
Beggining: K[300]lambda[0.05]delta[0.04]PQInitialInterval[+-0.1]BInitialInterval[+-0.1]mu[3.7276972793859176]P len[1176856]Q len [174283]
lastRMSE [9223372036854775806]currentRMSE[1.2868654402002637]iterations[1]SecIter[212.90899991989136]SecBegin[212.90899991989136]
lastRMSE [1.2868654402002637]currentRMSE[1.2710531255686586]iterations[2]SecIter[212.45900011062622]SecBegin[425.3680000305176]
lastRMSE [1.2710531255686586]currentRMSE[1.2662549556244436]iterations[3]SecIter[212.16100001335144]SecBegin[637.529000043869]
lastRMSE [1.2662549556244436]currentRMSE[1.2653062639615846]iterations[4]SecIter[212.40899991989136]SecBegin[849.9379999637604]
lastRMSE [1.2653062639615846]currentRMSE[1.2656041963458222]iterations[5]SecIter[212.49499988555908]SecBegin[1062.4329998493195]
********************************************************
SVD RMSE on Test[1.2169701722137851]RMSE on Train[1.2653062639615846]learningTime[1062.4329998493195]PredictTime[23.097000122070312]K[300]lambda[0.05]delta[0.04]mu[3.7276972793859176]PQInitialInterval[+-0.1]BInitialInterval[+-0.1]users[1176856]trainAndValidaiton Size[4209336]train Size[3829064]validation Size[380272]test Orig Size[1052334]Test Size[879227]missingUsers[159923]missingProducts[63925]learn iterations[5]
********************************************************
Beggining: K[300]lambda[0.05]delta[0.05]PQInitialInterval[+-0.1]BInitialInterval[+-0.1]mu[3.7276972793859176]P len[1176856]Q len [174283]
lastRMSE [9223372036854775806]currentRMSE[1.2826493397097694]iterations[1]SecIter[214.17320609092712]SecBegin[214.17420601844788]
lastRMSE [1.2826493397097694]currentRMSE[1.2699941585621686]iterations[2]SecIter[213.257568359375]SecBegin[427.4317743778229]
lastRMSE [1.2699941585621686]currentRMSE[1.2673899512361304]iterations[3]SecIter[212.9095733165741]SecBegin[640.341347694397]
lastRMSE [1.2673899512361304]currentRMSE[1.2675664048329673]iterations[4]SecIter[212.46056509017944]SecBegin[852.8029129505157]
