LOAD: chunksNum[211]took[37.53629446029663]data[4209336]
LOAD: chunksNum[53]took[7.099488258361816]data[1052334]
Beggining: K[500]lambda[0.05]delta[0.05]mu[3.7286948460439446]P len[1176856]Q len [174283]
lastRMSE [9223372036854775806]currentRMSE[1.3516210147134884]iterations[1]SecIter[186.64956188201904]SecBegin[186.64956188201904]
lastRMSE [1.3516210147134884]currentRMSE[1.34795400259922]iterations[2]SecIter[186.41678643226624]SecBegin[373.0663483142853]
lastRMSE [1.34795400259922]currentRMSE[1.3390892113252768]iterations[3]SecIter[185.8711268901825]SecBegin[558.9374752044678]
lastRMSE [1.3390892113252768]currentRMSE[1.3326830575615412]iterations[4]SecIter[186.08753967285156]SecBegin[745.0260143280029]
lastRMSE [1.3326830575615412]currentRMSE[1.3278551972048822]iterations[5]SecIter[185.7762587070465]SecBegin[930.8022730350494]
lastRMSE [1.3278551972048822]currentRMSE[1.3240579398889991]iterations[6]SecIter[185.50248169898987]SecBegin[1116.3047547340393]
lastRMSE [1.3240579398889991]currentRMSE[1.3209695656715128]iterations[7]SecIter[184.7248454093933]SecBegin[1301.0296001434326]
lastRMSE [1.3209695656715128]currentRMSE[1.318395877931415]iterations[8]SecIter[185.33089566230774]SecBegin[1486.3604958057404]
lastRMSE [1.318395877931415]currentRMSE[1.316210798099951]iterations[9]SecIter[184.559077501297]SecBegin[1670.9195733070374]
lastRMSE [1.316210798099951]currentRMSE[1.3143280707470668]iterations[10]SecIter[184.89223337173462]SecBegin[1855.811806678772]
lastRMSE [1.3143280707470668]currentRMSE[1.3126862808797448]iterations[11]SecIter[184.95125937461853]SecBegin[2040.7630660533905]
lastRMSE [1.3126862808797448]currentRMSE[1.3112402867845754]iterations[12]SecIter[185.49602794647217]SecBegin[2226.2590939998627]
lastRMSE [1.3112402867845754]currentRMSE[1.3099560228684277]iterations[13]SecIter[185.215265750885]SecBegin[2411.4743597507477]
lastRMSE [1.3099560228684277]currentRMSE[1.3088072070760617]iterations[14]SecIter[185.44329142570496]SecBegin[2596.9176511764526]
lastRMSE [1.3088072070760617]currentRMSE[1.3077731772365873]iterations[15]SecIter[184.5986249446869]SecBegin[2781.5162761211395]
lastRMSE [1.3077731772365873]currentRMSE[1.3068374241772802]iterations[16]SecIter[185.07361245155334]SecBegin[2966.589888572693]
lastRMSE [1.3068374241772802]currentRMSE[1.3059865699926447]iterations[17]SecIter[185.21376419067383]SecBegin[3151.8036527633667]
lastRMSE [1.3059865699926447]currentRMSE[1.3052096394174613]iterations[18]SecIter[185.02804446220398]SecBegin[3336.8316972255707]
lastRMSE [1.3052096394174613]currentRMSE[1.304497529370578]iterations[19]SecIter[184.5110580921173]SecBegin[3521.342755317688]
lastRMSE [1.304497529370578]currentRMSE[1.3038426156751162]iterations[20]SecIter[185.39980745315552]SecBegin[3706.7425627708435]
lastRMSE [1.3038426156751162]currentRMSE[1.3032384567428072]iterations[21]SecIter[184.52815794944763]SecBegin[3891.270720720291]
lastRMSE [1.3032384567428072]currentRMSE[1.3026795670823401]iterations[22]SecIter[185.32315683364868]SecBegin[4076.59387755394]
lastRMSE [1.3026795670823401]currentRMSE[1.302161241922444]iterations[23]SecIter[184.75121545791626]SecBegin[4261.345093011856]
lastRMSE [1.302161241922444]currentRMSE[1.3016794198072381]iterations[24]SecIter[185.17419457435608]SecBegin[4446.519287586212]
lastRMSE [1.3016794198072381]currentRMSE[1.3012305737771592]iterations[25]SecIter[184.58239197731018]SecBegin[4631.101679563522]
lastRMSE [1.3012305737771592]currentRMSE[1.30081162433176]iterations[26]SecIter[185.7300741672516]SecBegin[4816.831753730774]
lastRMSE [1.30081162433176]currentRMSE[1.3004198691770283]iterations[27]SecIter[184.81948161125183]SecBegin[5001.651235342026]
lastRMSE [1.3004198691770283]currentRMSE[1.3000529260417288]iterations[28]SecIter[185.18343806266785]SecBegin[5186.834673404694]
lastRMSE [1.3000529260417288]currentRMSE[1.2997086857688451]iterations[29]SecIter[184.71485233306885]SecBegin[5371.549525737762]
lastRMSE [1.2997086857688451]currentRMSE[1.2993852735587417]iterations[30]SecIter[185.6533408164978]SecBegin[5557.20286655426]
lastRMSE [1.2993852735587417]currentRMSE[1.2990810167340117]iterations[31]SecIter[184.73077511787415]SecBegin[5741.933641672134]
lastRMSE [1.2990810167340117]currentRMSE[1.2987944177628599]iterations[32]SecIter[185.6754434108734]SecBegin[5927.609085083008]
lastRMSE [1.2987944177628599]currentRMSE[1.2985241315534621]iterations[33]SecIter[185.13786268234253]SecBegin[6112.74694776535]
lastRMSE [1.2985241315534621]currentRMSE[1.2982689462407764]iterations[34]SecIter[186.79958081245422]SecBegin[6299.546528577805]
lastRMSE [1.2982689462407764]currentRMSE[1.2980277668472808]iterations[35]SecIter[186.34679889678955]SecBegin[6485.893327474594]
lastRMSE [1.2980277668472808]currentRMSE[1.2977996013226527]iterations[36]SecIter[185.8036594390869]SecBegin[6671.696986913681]
lastRMSE [1.2977996013226527]currentRMSE[1.2975835485635563]iterations[37]SecIter[185.38490772247314]SecBegin[6857.081894636154]
lastRMSE [1.2975835485635563]currentRMSE[1.2973787880901189]iterations[38]SecIter[186.5976390838623]SecBegin[7043.6795337200165]
lastRMSE [1.2973787880901189]currentRMSE[1.2971845711152712]iterations[39]SecIter[185.12003302574158]SecBegin[7228.799566745758]
lastRMSE [1.2971845711152712]currentRMSE[1.297000212790494]iterations[40]SecIter[186.05095624923706]SecBegin[7414.850522994995]
lastRMSE [1.297000212790494]currentRMSE[1.2968250854494674]iterations[41]SecIter[184.54739809036255]SecBegin[7599.397921085358]
lastRMSE [1.2968250854494674]currentRMSE[1.2966586127016417]iterations[42]SecIter[184.95925116539001]SecBegin[7784.357172250748]
lastRMSE [1.2966586127016417]currentRMSE[1.2965002642524988]iterations[43]SecIter[184.54696774482727]SecBegin[7968.904139995575]
lastRMSE [1.2965002642524988]currentRMSE[1.2963495513474126]iterations[44]SecIter[185.25427913665771]SecBegin[8154.158419132233]
lastRMSE [1.2963495513474126]currentRMSE[1.2962060227524974]iterations[45]SecIter[184.9544038772583]SecBegin[8339.112823009491]
lastRMSE [1.2962060227524974]currentRMSE[1.296069261199392]iterations[46]SecIter[185.3132688999176]SecBegin[8524.426091909409]
lastRMSE [1.296069261199392]currentRMSE[1.2959388802321303]iterations[47]SecIter[184.72468042373657]SecBegin[8709.150772333145]
lastRMSE [1.2959388802321303]currentRMSE[1.2958145214035384]iterations[48]SecIter[185.41337752342224]SecBegin[8894.564149856567]
lastRMSE [1.2958145214035384]currentRMSE[1.295695851776344]iterations[49]SecIter[184.7247815132141]SecBegin[9079.288931369781]
lastRMSE [1.295695851776344]currentRMSE[1.2955825616906675]iterations[50]SecIter[185.4364297389984]SecBegin[9264.72536110878]
lastRMSE [1.2955825616906675]currentRMSE[1.2954743627649938]iterations[51]SecIter[185.9192819595337]SecBegin[9450.644643068314]
lastRMSE [1.2954743627649938]currentRMSE[1.295370986102316]iterations[52]SecIter[185.62343573570251]SecBegin[9636.268078804016]
lastRMSE [1.295370986102316]currentRMSE[1.2952721806770173]iterations[53]SecIter[185.2947633266449]SecBegin[9821.562842130661]
lastRMSE [1.2952721806770173]currentRMSE[1.2951777118813403]iterations[54]SecIter[185.6194965839386]SecBegin[10007.1823387146]
lastRMSE [1.2951777118813403]currentRMSE[1.295087360213095]iterations[55]SecIter[185.15174317359924]SecBegin[10192.334081888199]
lastRMSE [1.295087360213095]currentRMSE[1.2950009200886408]iterations[56]SecIter[185.58374619483948]SecBegin[10377.917828083038]
lastRMSE [1.2950009200886408]currentRMSE[1.2949181987672247]iterations[57]SecIter[185.77252411842346]SecBegin[10563.690352201462]
lastRMSE [1.2949181987672247]currentRMSE[1.294839015374508]iterations[58]SecIter[186.56128549575806]SecBegin[10750.25163769722]
lastRMSE [1.294839015374508]currentRMSE[1.294763200014621]iterations[59]SecIter[184.82091856002808]SecBegin[10935.072556257248]
lastRMSE [1.294763200014621]currentRMSE[1.2946905929613892]iterations[60]SecIter[185.66468691825867]SecBegin[11120.737243175507]
lastRMSE [1.2946905929613892]currentRMSE[1.2946210439204962]iterations[61]SecIter[185.00696277618408]SecBegin[11305.74420595169]
lastRMSE [1.2946210439204962]currentRMSE[1.2945544113553242]iterations[62]SecIter[185.3870198726654]SecBegin[11491.131225824356]
lastRMSE [1.2945544113553242]currentRMSE[1.294490561870061]iterations[63]SecIter[185.0710723400116]SecBegin[11676.202298164368]
lastRMSE [1.294490561870061]currentRMSE[1.2944293696443905]iterations[64]SecIter[185.45492911338806]SecBegin[11861.657227277756]
lastRMSE [1.2944293696443905]currentRMSE[1.2943707159147342]iterations[65]SecIter[183.97736477851868]SecBegin[12045.634592056274]
lastRMSE [1.2943707159147342]currentRMSE[1.2943144884975775]iterations[66]SecIter[185.12616276741028]SecBegin[12230.760754823685]
lastRMSE [1.2943144884975775]currentRMSE[1.2942605813508863]iterations[67]SecIter[186.4635934829712]SecBegin[12417.224348306656]
lastRMSE [1.2942605813508863]currentRMSE[1.2942088941700687]iterations[68]SecIter[185.68093347549438]SecBegin[12602.90528178215]
lastRMSE [1.2942088941700687]currentRMSE[1.2941593320153109]iterations[69]SecIter[185.2193636894226]SecBegin[12788.124645471573]
lastRMSE [1.2941593320153109]currentRMSE[1.2941118049674452]iterations[70]SecIter[185.82796025276184]SecBegin[12973.952605724335]
lastRMSE [1.2941118049674452]currentRMSE[1.294066227809807]iterations[71]SecIter[185.13216638565063]SecBegin[13159.084772109985]
lastRMSE [1.294066227809807]currentRMSE[1.2940225197337962]iterations[72]SecIter[185.1841959953308]SecBegin[13344.268968105316]
lastRMSE [1.2940225197337962]currentRMSE[1.2939806040660908]iterations[73]SecIter[186.15265798568726]SecBegin[13530.421626091003]
lastRMSE [1.2939806040660908]currentRMSE[1.2939404080156556]iterations[74]SecIter[186.30578064918518]SecBegin[13716.727406740189]
lastRMSE [1.2939404080156556]currentRMSE[1.2939018624388903]iterations[75]SecIter[188.1576747894287]SecBegin[13904.885081529617]
lastRMSE [1.2939018624388903]currentRMSE[1.2938649016213966]iterations[76]SecIter[186.4621171951294]SecBegin[14091.347198724747]
lastRMSE [1.2938649016213966]currentRMSE[1.2938294630750073]iterations[77]SecIter[186.01294827461243]SecBegin[14277.36014699936]
lastRMSE [1.2938294630750073]currentRMSE[1.293795487348841]iterations[78]SecIter[186.1579511165619]SecBegin[14463.518098115921]
lastRMSE [1.293795487348841]currentRMSE[1.2937629178532615]iterations[79]SecIter[185.3772222995758]SecBegin[14648.895320415497]
lastRMSE [1.2937629178532615]currentRMSE[1.2937317006957256]iterations[80]SecIter[186.0520293712616]SecBegin[14834.947349786758]
lastRMSE [1.2937317006957256]currentRMSE[1.2937017845275878]iterations[81]SecIter[185.46322989463806]SecBegin[15020.410579681396]
lastRMSE [1.2937017845275878]currentRMSE[1.2936731204010266]iterations[82]SecIter[186.06520199775696]SecBegin[15206.475781679153]
lastRMSE [1.2936731204010266]currentRMSE[1.2936456616353142]iterations[83]SecIter[187.68170166015625]SecBegin[15394.15748333931]
lastRMSE [1.2936456616353142]currentRMSE[1.293619363691739]iterations[84]SecIter[185.60027885437012]SecBegin[15579.75776219368]
lastRMSE [1.293619363691739]currentRMSE[1.2935941840565235]iterations[85]SecIter[185.44027733802795]SecBegin[15765.198039531708]
lastRMSE [1.2935941840565235]currentRMSE[1.2935700821311644]iterations[86]SecIter[186.1070683002472]SecBegin[15951.306107521057]
lastRMSE [1.2935700821311644]currentRMSE[1.293547019129652]iterations[87]SecIter[185.0735011100769]SecBegin[16136.379608631134]
lastRMSE [1.293547019129652]currentRMSE[1.2935249579820647]iterations[88]SecIter[185.52550649642944]SecBegin[16321.905115127563]
lastRMSE [1.2935249579820647]currentRMSE[1.2935038632441072]iterations[89]SecIter[184.9085681438446]SecBegin[16506.813683271408]
lastRMSE [1.2935038632441072]currentRMSE[1.2934837010121507]iterations[90]SecIter[190.25584197044373]SecBegin[16697.06952524185]
lastRMSE [1.2934837010121507]currentRMSE[1.2934644388434149]iterations[91]SecIter[186.39795684814453]SecBegin[16883.467482089996]
lastRMSE [1.2934644388434149]currentRMSE[1.2934460456809156]iterations[92]SecIter[185.90025424957275]SecBegin[17069.36773633957]
lastRMSE [1.2934460456809156]currentRMSE[1.2934284917828744]iterations[93]SecIter[185.7873077392578]SecBegin[17255.155044078827]
lastRMSE [1.2934284917828744]currentRMSE[1.2934117486562735]iterations[94]SecIter[186.1561839580536]SecBegin[17441.31122803688]
lastRMSE [1.2934117486562735]currentRMSE[1.2933957889942862]iterations[95]SecIter[185.25253129005432]SecBegin[17626.563759326935]
lastRMSE [1.2933957889942862]currentRMSE[1.2933805866173242]iterations[96]SecIter[185.94041991233826]SecBegin[17812.504179239273]
lastRMSE [1.2933805866173242]currentRMSE[1.2933661164174661]iterations[97]SecIter[185.21759819984436]SecBegin[17997.721777439117]
lastRMSE [1.2933661164174661]currentRMSE[1.2933523543060426]iterations[98]SecIter[185.62641787528992]SecBegin[18183.348195314407]
lastRMSE [1.2933523543060426]currentRMSE[1.2933392771641816]iterations[99]SecIter[186.66465306282043]SecBegin[18370.012848377228]
lastRMSE [1.2933392771641816]currentRMSE[1.2933268627961187]iterations[100]SecIter[191.03776264190674]SecBegin[18561.050611019135]
lastRMSE [1.2933268627961187]currentRMSE[1.293315089885101]iterations[101]SecIter[185.63026905059814]SecBegin[18746.680880069733]
lastRMSE [1.293315089885101]currentRMSE[1.2933039379517175]iterations[102]SecIter[186.66545581817627]SecBegin[18933.34633588791]
lastRMSE [1.2933039379517175]currentRMSE[1.2932933873145114]iterations[103]SecIter[186.40331721305847]SecBegin[19119.749653100967]
lastRMSE [1.2932933873145114]currentRMSE[1.293283419052726]iterations[104]SecIter[185.90461325645447]SecBegin[19305.654266357422]
lastRMSE [1.293283419052726]currentRMSE[1.2932740149710584]iterations[105]SecIter[185.51179957389832]SecBegin[19491.16606593132]
lastRMSE [1.2932740149710584]currentRMSE[1.293265157566297]iterations[106]SecIter[186.25855946540833]SecBegin[19677.42462539673]
lastRMSE [1.293265157566297]currentRMSE[1.2932568299957274]iterations[107]SecIter[185.65251398086548]SecBegin[19863.077139377594]
lastRMSE [1.2932568299957274]currentRMSE[1.2932490160472065]iterations[108]SecIter[185.82266783714294]SecBegin[20048.899807214737]
lastRMSE [1.2932490160472065]currentRMSE[1.2932417001107972]iterations[109]SecIter[185.29780626296997]SecBegin[20234.197613477707]
lastRMSE [1.2932417001107972]currentRMSE[1.2932348671518787]iterations[110]SecIter[185.70564150810242]SecBegin[20419.90325498581]
lastRMSE [1.2932348671518787]currentRMSE[1.2932285026856425]iterations[111]SecIter[185.5378074645996]SecBegin[20605.44106245041]
lastRMSE [1.2932285026856425]currentRMSE[1.2932225927528949]iterations[112]SecIter[185.7176284790039]SecBegin[20791.158690929413]
lastRMSE [1.2932225927528949]currentRMSE[1.2932171238970884]iterations[113]SecIter[185.4507007598877]SecBegin[20976.6093916893]
lastRMSE [1.2932171238970884]currentRMSE[1.2932120831425145]iterations[114]SecIter[185.54370856285095]SecBegin[21162.15310025215]
lastRMSE [1.2932120831425145]currentRMSE[1.2932074579735886]iterations[115]SecIter[185.09122610092163]SecBegin[21347.244326353073]
lastRMSE [1.2932074579735886]currentRMSE[1.2932032363151684]iterations[116]SecIter[185.86068892478943]SecBegin[21533.106014728546]
lastRMSE [1.2932032363151684]currentRMSE[1.2931994065138448]iterations[117]SecIter[185.93902039527893]SecBegin[21719.045035123825]
lastRMSE [1.2931994065138448]currentRMSE[1.2931959573201537]iterations[118]SecIter[186.22943782806396]SecBegin[21905.27447295189]
lastRMSE [1.2931959573201537]currentRMSE[1.2931928778716526]iterations[119]SecIter[186.13679456710815]SecBegin[22091.411267518997]
lastRMSE [1.2931928778716526]currentRMSE[1.2931901576768252]iterations[120]SecIter[186.224426984787]SecBegin[22277.635694503784]
lastRMSE [1.2931901576768252]currentRMSE[1.2931877865997514]iterations[121]SecIter[185.77423548698425]SecBegin[22463.40992999077]
lastRMSE [1.2931877865997514]currentRMSE[1.2931857548455215]iterations[122]SecIter[185.9959797859192]SecBegin[22649.405909776688]
lastRMSE [1.2931857548455215]currentRMSE[1.2931840529463356]iterations[123]SecIter[185.79720973968506]SecBegin[22835.203119516373]
lastRMSE [1.2931840529463356]currentRMSE[1.2931826717482657]iterations[124]SecIter[186.15660667419434]SecBegin[23021.359726190567]
lastRMSE [1.2931826717482657]currentRMSE[1.2931816023986349]iterations[125]SecIter[185.28201532363892]SecBegin[23206.641741514206]
lastRMSE [1.2931816023986349]currentRMSE[1.2931808363339892]iterations[126]SecIter[185.91662287712097]SecBegin[23392.558364391327]
lastRMSE [1.2931808363339892]currentRMSE[1.2931803652686222]iterations[127]SecIter[185.11302638053894]SecBegin[23577.671390771866]
lastRMSE [1.2931803652686222]currentRMSE[1.2931801811836348]iterations[128]SecIter[185.8209090232849]SecBegin[23763.49229979515]
lastRMSE [1.2931801811836348]currentRMSE[1.2931802763164884]iterations[129]SecIter[185.31184816360474]SecBegin[23948.804147958755]
********************************************************
