LOAD: chunksNum[211]took[45.99900007247925]data[4209336]
LOAD: chunksNum[53]took[9.238999605178833]data[1052334]
Beggining: K[100]lambda[0.05]delta[0.05]mu[3.7271976797588637]P len[1176856]Q len [174283]
lastRMSE [9223372036854775806]currentRMSE[1.2988552938544253]iterations[1]SecIter[203.04199981689453]SecBegin[203.04199981689453]
lastRMSE [1.2988552938544253]currentRMSE[1.2929298245816085]iterations[2]SecIter[202.6470000743866]SecBegin[405.6889998912811]
lastRMSE [1.2929298245816085]currentRMSE[1.2986900854092707]iterations[3]SecIter[203.10199999809265]SecBegin[608.7909998893738]
********************************************************
SVD RMSE on Test[1.2489673243847255]RMSE on Train[1.2929298245816085]learningTime[608.7909998893738]PredictTime[23.19395613670349]K[100]lambda[0.05]delta[0.05]mu[3.7271976797588637]users[1176856]trainAndValidaiton Size[4209336]train Size[3827880]validation Size[381456]test Orig Size[1052334]Test Size[879236]missingUsers[159920]missingProducts[63888]learn iterations[3]
********************************************************
Beggining: K[200]lambda[0.05]delta[0.05]mu[3.7271976797588637]P len[1176856]Q len [174283]
lastRMSE [9223372036854775806]currentRMSE[1.310910175396291]iterations[1]SecIter[219.0286889076233]SecBegin[219.0286889076233]
lastRMSE [1.310910175396291]currentRMSE[1.3094753442027822]iterations[2]SecIter[218.91501188278198]SecBegin[437.9437007904053]
lastRMSE [1.3094753442027822]currentRMSE[1.3118178273073287]iterations[3]SecIter[219.21191906929016]SecBegin[657.1556198596954]
********************************************************
SVD RMSE on Test[1.2611823724022746]RMSE on Train[1.3094753442027822]learningTime[657.1556198596954]PredictTime[23.6383638381958]K[200]lambda[0.05]delta[0.05]mu[3.7271976797588637]users[1176856]trainAndValidaiton Size[4209336]train Size[3827880]validation Size[381456]test Orig Size[1052334]Test Size[879236]missingUsers[159920]missingProducts[63888]learn iterations[3]
********************************************************
Beggining: K[300]lambda[0.05]delta[0.05]mu[3.7271976797588637]P len[1176856]Q len [174283]
lastRMSE [9223372036854775806]currentRMSE[1.3249781941598746]iterations[1]SecIter[222.94729256629944]SecBegin[222.94729256629944]
lastRMSE [1.3249781941598746]currentRMSE[1.3246008244507717]iterations[2]SecIter[222.37123465538025]SecBegin[445.3185272216797]
lastRMSE [1.3246008244507717]currentRMSE[1.3222829267401548]iterations[3]SecIter[221.4991478919983]SecBegin[666.817675113678]
lastRMSE [1.3222829267401548]currentRMSE[1.3182631740531483]iterations[4]SecIter[222.91928958892822]SecBegin[889.7369647026062]
lastRMSE [1.3182631740531483]currentRMSE[1.3146779224233442]iterations[5]SecIter[221.75117301940918]SecBegin[1111.4881377220154]
lastRMSE [1.3146779224233442]currentRMSE[1.311738641189426]iterations[6]SecIter[222.2672243118286]SecBegin[1333.755362033844]
lastRMSE [1.311738641189426]currentRMSE[1.3093350787573395]iterations[7]SecIter[221.89218711853027]SecBegin[1555.6475491523743]
lastRMSE [1.3093350787573395]currentRMSE[1.3073451744421796]iterations[8]SecIter[222.32823038101196]SecBegin[1777.9757795333862]
lastRMSE [1.3073451744421796]currentRMSE[1.3056743451061505]iterations[9]SecIter[222.48024606704712]SecBegin[2000.4560256004333]
lastRMSE [1.3056743451061505]currentRMSE[1.304253201945045]iterations[10]SecIter[223.01529932022095]SecBegin[2223.4713249206543]
lastRMSE [1.304253201945045]currentRMSE[1.303030815781799]iterations[11]SecIter[223.07830572128296]SecBegin[2446.5496306419373]
lastRMSE [1.303030815781799]currentRMSE[1.3019692522285922]iterations[12]SecIter[223.14731216430664]SecBegin[2669.696942806244]
lastRMSE [1.3019692522285922]currentRMSE[1.3010397442916204]iterations[13]SecIter[222.3648397922516]SecBegin[2892.0617825984955]
lastRMSE [1.3010397442916204]currentRMSE[1.3002200862942688]iterations[14]SecIter[222.68817353248596]SecBegin[3114.7499561309814]
lastRMSE [1.3002200862942688]currentRMSE[1.2994928525632157]iterations[15]SecIter[223.62988686561584]SecBegin[3338.3798429965973]
lastRMSE [1.2994928525632157]currentRMSE[1.298844162655858]iterations[16]SecIter[223.2399938106537]SecBegin[3561.619836807251]
lastRMSE [1.298844162655858]currentRMSE[1.298262810729884]iterations[17]SecIter[222.99799990653992]SecBegin[3784.617836713791]
lastRMSE [1.298262810729884]currentRMSE[1.2977396408570296]iterations[18]SecIter[223.27300000190735]SecBegin[4007.8908367156982]
lastRMSE [1.2977396408570296]currentRMSE[1.2972670911666349]iterations[19]SecIter[225.7130000591278]SecBegin[4233.603836774826]
lastRMSE [1.2972670911666349]currentRMSE[1.2968388558386241]iterations[20]SecIter[229.1800000667572]SecBegin[4462.783836841583]
lastRMSE [1.2968388558386241]currentRMSE[1.2964496307203763]iterations[21]SecIter[224.0369999408722]SecBegin[4686.820836782455]
lastRMSE [1.2964496307203763]currentRMSE[1.2960949192218811]iterations[22]SecIter[223.06299996376038]SecBegin[4909.883836746216]
lastRMSE [1.2960949192218811]currentRMSE[1.295770882312075]iterations[23]SecIter[222.49500012397766]SecBegin[5132.3788368701935]
lastRMSE [1.295770882312075]currentRMSE[1.2954742212339947]iterations[24]SecIter[223.16499996185303]SecBegin[5355.5438368320465]
lastRMSE [1.2954742212339947]currentRMSE[1.2952020848120502]iterations[25]SecIter[222.10399985313416]SecBegin[5577.647836685181]
lastRMSE [1.2952020848120502]currentRMSE[1.2949519954681585]iterations[26]SecIter[222.67600011825562]SecBegin[5800.323836803436]
lastRMSE [1.2949519954681585]currentRMSE[1.294721789631621]iterations[27]SecIter[223.25600004196167]SecBegin[6023.579836845398]
lastRMSE [1.294721789631621]currentRMSE[1.2945095693388076]iterations[28]SecIter[223.4630000591278]SecBegin[6247.042836904526]
lastRMSE [1.2945095693388076]currentRMSE[1.2943136626163227]iterations[29]SecIter[222.76336431503296]SecBegin[6469.806201219559]
lastRMSE [1.2943136626163227]currentRMSE[1.2941325908209453]iterations[30]SecIter[223.27596259117126]SecBegin[6693.08216381073]
lastRMSE [1.2941325908209453]currentRMSE[1.2939650415356778]iterations[31]SecIter[222.41502904891968]SecBegin[6915.49719285965]
lastRMSE [1.2939650415356778]currentRMSE[1.2938098459378213]iterations[32]SecIter[223.20163416862488]SecBegin[7138.6988270282745]
lastRMSE [1.2938098459378213]currentRMSE[1.2936659597926397]iterations[33]SecIter[222.8322811126709]SecBegin[7361.531108140945]
lastRMSE [1.2936659597926397]currentRMSE[1.2935324474062726]iterations[34]SecIter[223.16931462287903]SecBegin[7584.7004227638245]
lastRMSE [1.2935324474062726]currentRMSE[1.2934084680093019]iterations[35]SecIter[222.77927565574646]SecBegin[7807.479698419571]
lastRMSE [1.2934084680093019]currentRMSE[1.2932932641485821]iterations[36]SecIter[223.97339534759521]SecBegin[8031.453093767166]
lastRMSE [1.2932932641485821]currentRMSE[1.29318615174755]iterations[37]SecIter[222.41423892974854]SecBegin[8253.867332696915]
lastRMSE [1.29318615174755]currentRMSE[1.2930865115599108]iterations[38]SecIter[223.22031998634338]SecBegin[8477.087652683258]
lastRMSE [1.2930865115599108]currentRMSE[1.2929937817926378]iterations[39]SecIter[223.1333110332489]SecBegin[8700.220963716507]
lastRMSE [1.2929937817926378]currentRMSE[1.2929074517147747]iterations[40]SecIter[223.45534324645996]SecBegin[8923.676306962967]
lastRMSE [1.2929074517147747]currentRMSE[1.2928270561009227]iterations[41]SecIter[222.76227402687073]SecBegin[9146.438580989838]
lastRMSE [1.2928270561009227]currentRMSE[1.2927521703843685]iterations[42]SecIter[223.03930163383484]SecBegin[9369.477882623672]
lastRMSE [1.2927521703843685]currentRMSE[1.292682406415876]iterations[43]SecIter[222.93429136276245]SecBegin[9592.412173986435]
lastRMSE [1.292682406415876]currentRMSE[1.2926174087413154]iterations[44]SecIter[223.5893566608429]SecBegin[9816.001530647278]
lastRMSE [1.2926174087413154]currentRMSE[1.292556851325291]iterations[45]SecIter[222.6932671070099]SecBegin[10038.694797754288]
lastRMSE [1.292556851325291]currentRMSE[1.292500434659452]iterations[46]SecIter[223.0309338569641]SecBegin[10261.725731611252]
lastRMSE [1.292500434659452]currentRMSE[1.2924478832036448]iterations[47]SecIter[223.44990038871765]SecBegin[10485.17563199997]
lastRMSE [1.2924478832036448]currentRMSE[1.2923989431159282]iterations[48]SecIter[222.49687480926514]SecBegin[10707.672506809235]
lastRMSE [1.2923989431159282]currentRMSE[1.2923533802340161]iterations[49]SecIter[221.02619647979736]SecBegin[10928.698703289032]
lastRMSE [1.2923533802340161]currentRMSE[1.2923109782761777]iterations[50]SecIter[222.11825323104858]SecBegin[11150.81695652008]
lastRMSE [1.2923109782761777]currentRMSE[1.292271537234194]iterations[51]SecIter[222.58425617218018]SecBegin[11373.40121269226]
lastRMSE [1.292271537234194]currentRMSE[1.2922348719348284]iterations[52]SecIter[223.82738041877747]SecBegin[11597.228593111038]
lastRMSE [1.2922348719348284]currentRMSE[1.292200810749524]iterations[53]SecIter[221.44314217567444]SecBegin[11818.671735286713]
lastRMSE [1.292200810749524]currentRMSE[1.2921691944347826]iterations[54]SecIter[223.22532033920288]SecBegin[12041.897055625916]
lastRMSE [1.2921691944347826]currentRMSE[1.2921398750880366]iterations[55]SecIter[222.4272403717041]SecBegin[12264.32429599762]
lastRMSE [1.2921398750880366]currentRMSE[1.292112715205798]iterations[56]SecIter[222.73127102851868]SecBegin[12487.055567026138]
lastRMSE [1.292112715205798]currentRMSE[1.2920875868325956]iterations[57]SecIter[222.63426113128662]SecBegin[12709.689828157425]
lastRMSE [1.2920875868325956]currentRMSE[1.2920643707906443]iterations[58]SecIter[222.33723163604736]SecBegin[12932.027059793472]
lastRMSE [1.2920643707906443]currentRMSE[1.2920429559814728]iterations[59]SecIter[222.4492425918579]SecBegin[13154.47630238533]
lastRMSE [1.2920429559814728]currentRMSE[1.292023238751793]iterations[60]SecIter[223.03230118751526]SecBegin[13377.508603572845]
lastRMSE [1.292023238751793]currentRMSE[1.2920051223168358]iterations[61]SecIter[221.7211697101593]SecBegin[13599.230773210526]
lastRMSE [1.2920051223168358]currentRMSE[1.2919885162351932]iterations[62]SecIter[222.5212378501892]SecBegin[13821.752011060715]
lastRMSE [1.2919885162351932]currentRMSE[1.2919733359298902]iterations[63]SecIter[221.58334970474243]SecBegin[14043.335360765457]
lastRMSE [1.2919733359298902]currentRMSE[1.291959502251033]iterations[64]SecIter[221.6684215068817]SecBegin[14265.003782272339]
lastRMSE [1.291959502251033]currentRMSE[1.2919469410759037]iterations[65]SecIter[222.04299998283386]SecBegin[14487.046782255173]
lastRMSE [1.2919469410759037]currentRMSE[1.2919355829428385]iterations[66]SecIter[222.57799983024597]SecBegin[14709.624782085419]
lastRMSE [1.2919355829428385]currentRMSE[1.291925362715628]iterations[67]SecIter[222.51930689811707]SecBegin[14932.144088983536]
lastRMSE [1.291925362715628]currentRMSE[1.2919162192755378]iterations[68]SecIter[222.94429230690002]SecBegin[15155.088381290436]
lastRMSE [1.2919162192755378]currentRMSE[1.2919080952383546]iterations[69]SecIter[221.9141891002655]SecBegin[15377.002570390701]
lastRMSE [1.2919080952383546]currentRMSE[1.291900936694147]iterations[70]SecIter[222.23522114753723]SecBegin[15599.237791538239]
lastRMSE [1.291900936694147]currentRMSE[1.2918946929676602]iterations[71]SecIter[222.378235578537]SecBegin[15821.616027116776]
lastRMSE [1.2918946929676602]currentRMSE[1.291889316397488]iterations[72]SecIter[221.27212524414062]SecBegin[16042.888152360916]
lastRMSE [1.291889316397488]currentRMSE[1.2918847621323495]iterations[73]SecIter[221.21811938285828]SecBegin[16264.106271743774]
lastRMSE [1.2918847621323495]currentRMSE[1.2918809879429698]iterations[74]SecIter[221.62316012382507]SecBegin[16485.7294318676]
lastRMSE [1.2918809879429698]currentRMSE[1.2918779540482066]iterations[75]SecIter[221.42214012145996]SecBegin[16707.15157198906]
lastRMSE [1.2918779540482066]currentRMSE[1.2918756229542045]iterations[76]SecIter[227.19971776008606]SecBegin[16934.351289749146]
lastRMSE [1.2918756229542045]currentRMSE[1.291873959305474]iterations[77]SecIter[220.86508440971375]SecBegin[17155.21637415886]
lastRMSE [1.291873959305474]currentRMSE[1.291872929746892]iterations[78]SecIter[220.99400925636292]SecBegin[17376.210383415222]
lastRMSE [1.291872929746892]currentRMSE[1.2918725027957279]iterations[79]SecIter[221.1643979549408]SecBegin[17597.374781370163]
lastRMSE [1.2918725027957279]currentRMSE[1.2918726487228664]iterations[80]SecIter[222.18499970436096]SecBegin[17819.559781074524]
********************************************************
SVD RMSE on Test[1.2330437596741635]RMSE on Train[1.2918725027957279]learningTime[17819.560781240463]PredictTime[23.622999668121338]K[300]lambda[0.05]delta[0.05]mu[3.7271976797588637]users[1176856]trainAndValidaiton Size[4209336]train Size[3827880]validation Size[381456]test Orig Size[1052334]Test Size[879236]missingUsers[159920]missingProducts[63888]learn iterations[80]
********************************************************
Beggining: K[400]lambda[0.05]delta[0.05]mu[3.7271976797588637]P len[1176856]Q len [174283]
lastRMSE [9223372036854775806]currentRMSE[1.3369798087869442]iterations[1]SecIter[226.01600003242493]SecBegin[226.01600003242493]
lastRMSE [1.3369798087869442]currentRMSE[1.3352720562850204]iterations[2]SecIter[224.56200003623962]SecBegin[450.5790002346039]
lastRMSE [1.3352720562850204]currentRMSE[1.3294930864443157]iterations[3]SecIter[223.93632984161377]SecBegin[674.5153300762177]
lastRMSE [1.3294930864443157]currentRMSE[1.3241030487233652]iterations[4]SecIter[224.78547620773315]SecBegin[899.3008062839508]
lastRMSE [1.3241030487233652]currentRMSE[1.319868449976448]iterations[5]SecIter[223.75037288665771]SecBegin[1123.0511791706085]
lastRMSE [1.319868449976448]currentRMSE[1.3165197175466707]iterations[6]SecIter[226.5566532611847]SecBegin[1349.6078324317932]
lastRMSE [1.3165197175466707]currentRMSE[1.3138070339810597]iterations[7]SecIter[225.35853362083435]SecBegin[1574.9663660526276]
lastRMSE [1.3138070339810597]currentRMSE[1.3115607518919525]iterations[8]SecIter[225.11650943756104]SecBegin[1800.0828754901886]
lastRMSE [1.3115607518919525]currentRMSE[1.3096668552648656]iterations[9]SecIter[224.36943459510803]SecBegin[2024.4523100852966]
lastRMSE [1.3096668552648656]currentRMSE[1.3080464311398425]iterations[10]SecIter[224.3904368877411]SecBegin[2248.8427469730377]
lastRMSE [1.3080464311398425]currentRMSE[1.30664308428282]iterations[11]SecIter[224.65346312522888]SecBegin[2473.4962100982666]
lastRMSE [1.30664308428282]currentRMSE[1.3054153577978997]iterations[12]SecIter[231.90318822860718]SecBegin[2705.399398326874]
lastRMSE [1.3054153577978997]currentRMSE[1.3043320281071786]iterations[13]SecIter[228.90188765525818]SecBegin[2934.301285982132]
lastRMSE [1.3043320281071786]currentRMSE[1.3033690789842665]iterations[14]SecIter[224.37148237228394]SecBegin[3158.672768354416]
lastRMSE [1.3033690789842665]currentRMSE[1.3025076943821965]iterations[15]SecIter[224.64201521873474]SecBegin[3383.3147835731506]
lastRMSE [1.3025076943821965]currentRMSE[1.3017328917829927]iterations[16]SecIter[225.0172119140625]SecBegin[3608.331995487213]
lastRMSE [1.3017328917829927]currentRMSE[1.3010325699835845]iterations[17]SecIter[224.5420000553131]SecBegin[3832.874995470047]
lastRMSE [1.3010325699835845]currentRMSE[1.3003968314991845]iterations[18]SecIter[224.8840000629425]SecBegin[4057.7589955329895]
lastRMSE [1.3003968314991845]currentRMSE[1.2998174908671536]iterations[19]SecIter[224.625]SecBegin[4282.3839955329895]
lastRMSE [1.2998174908671536]currentRMSE[1.2992877113662151]iterations[20]SecIter[225.24699997901917]SecBegin[4507.630995512009]
lastRMSE [1.2992877113662151]currentRMSE[1.298801732174048]iterations[21]SecIter[225.24300003051758]SecBegin[4732.873995542526]
lastRMSE [1.298801732174048]currentRMSE[1.2983546603892802]iterations[22]SecIter[224.67764234542847]SecBegin[4957.551637887955]
lastRMSE [1.2983546603892802]currentRMSE[1.2979423103663326]iterations[23]SecIter[225.39053678512573]SecBegin[5182.94217467308]
lastRMSE [1.2979423103663326]currentRMSE[1.2975610780946139]iterations[24]SecIter[228.22282004356384]SecBegin[5411.164994716644]
lastRMSE [1.2975610780946139]currentRMSE[1.297207841897853]iterations[25]SecIter[232.02720022201538]SecBegin[5643.19219493866]
lastRMSE [1.297207841897853]currentRMSE[1.2968798831513575]iterations[26]SecIter[220.93509149551392]SecBegin[5864.127286434174]
lastRMSE [1.2968798831513575]currentRMSE[1.2965748223992173]iterations[27]SecIter[219.46694445610046]SecBegin[6083.594230890274]
lastRMSE [1.2965748223992173]currentRMSE[1.296290567443715]iterations[28]SecIter[219.56695437431335]SecBegin[6303.161185264587]
lastRMSE [1.296290567443715]currentRMSE[1.296025270832657]iterations[29]SecIter[220.101007938385]SecBegin[6523.262193202972]
lastRMSE [1.296025270832657]currentRMSE[1.2957772947903623]iterations[30]SecIter[221.38547229766846]SecBegin[6744.647665500641]
lastRMSE [1.2957772947903623]currentRMSE[1.2955451820939103]iterations[31]SecIter[219.4213354587555]SecBegin[6964.069000959396]
lastRMSE [1.2955451820939103]currentRMSE[1.2953276317350295]iterations[32]SecIter[218.27300000190735]SecBegin[7182.342000961304]
lastRMSE [1.2953276317350295]currentRMSE[1.2951234784623753]iterations[33]SecIter[218.17900013923645]SecBegin[7400.52100110054]
lastRMSE [1.2951234784623753]currentRMSE[1.2949316754917097]iterations[34]SecIter[218.86099982261658]SecBegin[7619.382000923157]
lastRMSE [1.2949316754917097]currentRMSE[1.2947512798188916]iterations[35]SecIter[218.690997838974]SecBegin[7838.072998762131]
lastRMSE [1.2947512798188916]currentRMSE[1.2945814396842492]iterations[36]SecIter[219.08290600776672]SecBegin[8057.1559047698975]
lastRMSE [1.2945814396842492]currentRMSE[1.2944213838252194]iterations[37]SecIter[219.35693383216858]SecBegin[8276.512838602066]
lastRMSE [1.2944213838252194]currentRMSE[1.2942704122233277]iterations[38]SecIter[219.87898564338684]SecBegin[8496.391824245453]
lastRMSE [1.2942704122233277]currentRMSE[1.294127888106119]iterations[39]SecIter[218.6638641357422]SecBegin[8715.055688381195]
lastRMSE [1.294127888106119]currentRMSE[1.2939932310079767]iterations[40]SecIter[218.4878466129303]SecBegin[8933.543534994125]
